#-----------------------------------------------------------
# Vivado v2018.3 (64-bit)
# SW Build 2405991 on Thu Dec  6 23:38:27 MST 2018
# IP Build 2404404 on Fri Dec  7 01:43:56 MST 2018
# Start of session at: Thu Sep 15 15:52:31 2022
# Process ID: 11544
# Current directory: C:/Users/cferr/Desktop/Laboratorio CEP/P1/fifo
# Command line: vivado.exe -gui_launcher_event rodinguilauncherevent12280 C:\Users\cferr\Desktop\Laboratorio CEP\P1\fifo\fifo.xpr
# Log file: C:/Users/cferr/Desktop/Laboratorio CEP/P1/fifo/vivado.log
# Journal file: C:/Users/cferr/Desktop/Laboratorio CEP/P1/fifo\vivado.jou
#-----------------------------------------------------------
start_gui
open_project {C:/Users/cferr/Desktop/Laboratorio CEP/P1/fifo/fifo.xpr}
INFO: [Project 1-313] Project file moved from 'C:/Users/cferr/Desktop/Laboratorio CEP/fifo' since last save.
Scanning sources...
Finished scanning sources
INFO: [IP_Flow 19-234] Refreshing IP repositories
INFO: [IP_Flow 19-1704] No user IP repositories specified
INFO: [IP_Flow 19-2313] Loaded Vivado IP repository 'C:/Xilinx/Vivado/2018.3/data/ip'.
open_project: Time (s): cpu = 00:00:23 ; elapsed = 00:00:17 . Memory (MB): peak = 652.285 ; gain = 108.090
update_compile_order -fileset sources_1
exit
INFO: [Common 17-206] Exiting Vivado at Thu Sep 15 16:17:07 2022...
